<?xml version="1.0" encoding="UTF-8"?>
<!-- Generated by org.testng.reporters.JUnitXMLReporter -->
<testsuite hostname="Lee.local" failures="1" tests="2" name="parameterizing_local" time="0.062" errors="0" timestamp="18 Mar 2019 06:57:09 GMT">
  <testcase classname="com.testng.tutorial.testNGDay2" name="day2test1" time="0.019"/>
  <testcase classname="com.testng.tutorial.testNGDay2" name="listenerFailTest" time="0.008">
    <failure type="java.lang.AssertionError" message="expected [true] but found [false]">
      <![CDATA[java.lang.AssertionError: expected [true] but found [false]
	at com.testng.tutorial.testNGDay2.listenerFailTest(testNGDay2.java:24)
	at java.base/java.util.concurrent.FutureTask.run(FutureTask.java:264)
	at java.base/java.util.concurrent.ThreadPoolExecutor.runWorker(ThreadPoolExecutor.java:1135)
	at java.base/java.util.concurrent.ThreadPoolExecutor$Worker.run(ThreadPoolExecutor.java:635)
	at java.base/java.lang.Thread.run(Thread.java:844)
... Removed 20 stack frames]]>
    </failure>
  </testcase> <!-- listenerFailTest -->
</testsuite> <!-- parameterizing_local -->
